This is pdfTeX, Version 3.14159265-2.6-1.40.19 (MiKTeX 2.9.6930 64-bit) (preloaded format=pdflatex 2019.1.25)  22 FEB 2021 00:05
entering extended mode
**./grapes.tex
(grapes.tex
LaTeX2e <2018-12-01>
("C:\Program Files\MiKTeX 2.9\tex/latex/base\article.cls"
Document Class: article 2018/09/03 v1.4i Standard LaTeX document class
("C:\Program Files\MiKTeX 2.9\tex/latex/base\size10.clo"
File: size10.clo 2018/09/03 v1.4i Standard LaTeX file (size option)
)
\c@part=\count80
\c@section=\count81
\c@subsection=\count82
\c@subsubsection=\count83
\c@paragraph=\count84
\c@subparagraph=\count85
\c@figure=\count86
\c@table=\count87
\abovecaptionskip=\skip41
\belowcaptionskip=\skip42
\bibindent=\dimen102
) ("C:\Program Files\MiKTeX 2.9\tex/latex/lm\lmodern.sty"
Package: lmodern 2009/10/30 v1.6 Latin Modern Fonts
LaTeX Font Info:    Overwriting symbol font `operators' in version `normal'
(Font)                  OT1/cmr/m/n --> OT1/lmr/m/n on input line 22.
LaTeX Font Info:    Overwriting symbol font `letters' in version `normal'
(Font)                  OML/cmm/m/it --> OML/lmm/m/it on input line 23.
LaTeX Font Info:    Overwriting symbol font `symbols' in version `normal'
(Font)                  OMS/cmsy/m/n --> OMS/lmsy/m/n on input line 24.
LaTeX Font Info:    Overwriting symbol font `largesymbols' in version `normal'
(Font)                  OMX/cmex/m/n --> OMX/lmex/m/n on input line 25.
LaTeX Font Info:    Overwriting symbol font `operators' in version `bold'
(Font)                  OT1/cmr/bx/n --> OT1/lmr/bx/n on input line 26.
LaTeX Font Info:    Overwriting symbol font `letters' in version `bold'
(Font)                  OML/cmm/b/it --> OML/lmm/b/it on input line 27.
LaTeX Font Info:    Overwriting symbol font `symbols' in version `bold'
(Font)                  OMS/cmsy/b/n --> OMS/lmsy/b/n on input line 28.
LaTeX Font Info:    Overwriting symbol font `largesymbols' in version `bold'
(Font)                  OMX/cmex/m/n --> OMX/lmex/m/n on input line 29.
LaTeX Font Info:    Overwriting math alphabet `\mathbf' in version `normal'
(Font)                  OT1/cmr/bx/n --> OT1/lmr/bx/n on input line 31.
LaTeX Font Info:    Overwriting math alphabet `\mathsf' in version `normal'
(Font)                  OT1/cmss/m/n --> OT1/lmss/m/n on input line 32.
LaTeX Font Info:    Overwriting math alphabet `\mathit' in version `normal'
(Font)                  OT1/cmr/m/it --> OT1/lmr/m/it on input line 33.
LaTeX Font Info:    Overwriting math alphabet `\mathtt' in version `normal'
(Font)                  OT1/cmtt/m/n --> OT1/lmtt/m/n on input line 34.
LaTeX Font Info:    Overwriting math alphabet `\mathbf' in version `bold'
(Font)                  OT1/cmr/bx/n --> OT1/lmr/bx/n on input line 35.
LaTeX Font Info:    Overwriting math alphabet `\mathsf' in version `bold'
(Font)                  OT1/cmss/bx/n --> OT1/lmss/bx/n on input line 36.
LaTeX Font Info:    Overwriting math alphabet `\mathit' in version `bold'
(Font)                  OT1/cmr/bx/it --> OT1/lmr/bx/it on input line 37.
LaTeX Font Info:    Overwriting math alphabet `\mathtt' in version `bold'
(Font)                  OT1/cmtt/m/n --> OT1/lmtt/m/n on input line 38.
) ("C:\Program Files\MiKTeX 2.9\tex/latex/amsfonts\amssymb.sty"
Package: amssymb 2013/01/14 v3.01 AMS font symbols
("C:\Program Files\MiKTeX 2.9\tex/latex/amsfonts\amsfonts.sty"
Package: amsfonts 2013/01/14 v3.01 Basic AMSFonts support
\@emptytoks=\toks14
\symAMSa=\mathgroup4
\symAMSb=\mathgroup5
LaTeX Font Info:    Overwriting math alphabet `\mathfrak' in version `bold'
(Font)                  U/euf/m/n --> U/euf/b/n on input line 106.
)) ("C:\Program Files\MiKTeX 2.9\tex/latex/amsmath\amsmath.sty"
Package: amsmath 2018/12/01 v2.17b AMS math features
\@mathmargin=\skip43
For additional information on amsmath, use the `?' option.
("C:\Program Files\MiKTeX 2.9\tex/latex/amsmath\amstext.sty"
Package: amstext 2000/06/29 v2.01 AMS text
("C:\Program Files\MiKTeX 2.9\tex/latex/amsmath\amsgen.sty"
File: amsgen.sty 1999/11/30 v2.0 generic functions
\@emptytoks=\toks15
\ex@=\dimen103
)) ("C:\Program Files\MiKTeX 2.9\tex/latex/amsmath\amsbsy.sty"
Package: amsbsy 1999/11/29 v1.2d Bold Symbols
\pmbraise@=\dimen104
) ("C:\Program Files\MiKTeX 2.9\tex/latex/amsmath\amsopn.sty"
Package: amsopn 2016/03/08 v2.02 operator names
)
\inf@bad=\count88
LaTeX Info: Redefining \frac on input line 223.
\uproot@=\count89
\leftroot@=\count90
LaTeX Info: Redefining \overline on input line 385.
\classnum@=\count91
\DOTSCASE@=\count92
LaTeX Info: Redefining \ldots on input line 482.
LaTeX Info: Redefining \dots on input line 485.
LaTeX Info: Redefining \cdots on input line 606.
\Mathstrutbox@=\box27
\strutbox@=\box28
\big@size=\dimen105
LaTeX Font Info:    Redeclaring font encoding OML on input line 729.
LaTeX Font Info:    Redeclaring font encoding OMS on input line 730.
\macc@depth=\count93
\c@MaxMatrixCols=\count94
\dotsspace@=\muskip10
\c@parentequation=\count95
\dspbrk@lvl=\count96
\tag@help=\toks16
\row@=\count97
\column@=\count98
\maxfields@=\count99
\andhelp@=\toks17
\eqnshift@=\dimen106
\alignsep@=\dimen107
\tagshift@=\dimen108
\tagwidth@=\dimen109
\totwidth@=\dimen110
\lineht@=\dimen111
\@envbody=\toks18
\multlinegap=\skip44
\multlinetaggap=\skip45
\mathdisplay@stack=\toks19
LaTeX Info: Redefining \[ on input line 2844.
LaTeX Info: Redefining \] on input line 2845.
) ("C:\Program Files\MiKTeX 2.9\tex/generic/ifxetex\ifxetex.sty"
Package: ifxetex 2010/09/12 v0.6 Provides ifxetex conditional
) ("C:\Program Files\MiKTeX 2.9\tex/generic/oberdiek\ifluatex.sty"
Package: ifluatex 2016/05/16 v1.4 Provides the ifluatex switch (HO)
Package ifluatex Info: LuaTeX not detected.
) ("C:\Program Files\MiKTeX 2.9\tex/latex/base\fontenc.sty"
Package: fontenc 2018/08/11 v2.0j Standard LaTeX package
("C:\Program Files\MiKTeX 2.9\tex/latex/base\t1enc.def"
File: t1enc.def 2018/08/11 v2.0j Standard LaTeX file
LaTeX Font Info:    Redeclaring font encoding T1 on input line 48.
)) ("C:\Program Files\MiKTeX 2.9\tex/latex/base\inputenc.sty"
Package: inputenc 2018/08/11 v1.3c Input encoding file
\inpenc@prehook=\toks20
\inpenc@posthook=\toks21
) ("C:\Program Files\MiKTeX 2.9\tex/latex/base\textcomp.sty"
Package: textcomp 2018/08/11 v2.0j Standard LaTeX package
Package textcomp Info: Sub-encoding information:
(textcomp)               5 = only ISO-Adobe without \textcurrency
(textcomp)               4 = 5 + \texteuro
(textcomp)               3 = 4 + \textohm
(textcomp)               2 = 3 + \textestimated + \textcurrency
(textcomp)               1 = TS1 - \textcircled - \t
(textcomp)               0 = TS1 (full)
(textcomp)             Font families with sub-encoding setting implement
(textcomp)             only a restricted character set as indicated.
(textcomp)             Family '?' is the default used for unknown fonts.
(textcomp)             See the documentation for details.
Package textcomp Info: Setting ? sub-encoding to TS1/1 on input line 79.
("C:\Program Files\MiKTeX 2.9\tex/latex/base\ts1enc.def"
File: ts1enc.def 2001/06/05 v3.0e (jk/car/fm) Standard LaTeX file
Now handling font encoding TS1 ...
... processing UTF-8 mapping file for font encoding TS1
("C:\Program Files\MiKTeX 2.9\tex/latex/base\ts1enc.dfu"
File: ts1enc.dfu 2018/10/05 v1.2f UTF-8 support for inputenc
   defining Unicode char U+00A2 (decimal 162)
   defining Unicode char U+00A3 (decimal 163)
   defining Unicode char U+00A4 (decimal 164)
   defining Unicode char U+00A5 (decimal 165)
   defining Unicode char U+00A6 (decimal 166)
   defining Unicode char U+00A7 (decimal 167)
   defining Unicode char U+00A8 (decimal 168)
   defining Unicode char U+00A9 (decimal 169)
   defining Unicode char U+00AA (decimal 170)
   defining Unicode char U+00AC (decimal 172)
   defining Unicode char U+00AE (decimal 174)
   defining Unicode char U+00AF (decimal 175)
   defining Unicode char U+00B0 (decimal 176)
   defining Unicode char U+00B1 (decimal 177)
   defining Unicode char U+00B2 (decimal 178)
   defining Unicode char U+00B3 (decimal 179)
   defining Unicode char U+00B4 (decimal 180)
   defining Unicode char U+00B5 (decimal 181)
   defining Unicode char U+00B6 (decimal 182)
   defining Unicode char U+00B7 (decimal 183)
   defining Unicode char U+00B9 (decimal 185)
   defining Unicode char U+00BA (decimal 186)
   defining Unicode char U+00BC (decimal 188)
   defining Unicode char U+00BD (decimal 189)
   defining Unicode char U+00BE (decimal 190)
   defining Unicode char U+00D7 (decimal 215)
   defining Unicode char U+00F7 (decimal 247)
   defining Unicode char U+0192 (decimal 402)
   defining Unicode char U+02C7 (decimal 711)
   defining Unicode char U+02D8 (decimal 728)
   defining Unicode char U+02DD (decimal 733)
   defining Unicode char U+0E3F (decimal 3647)
   defining Unicode char U+2016 (decimal 8214)
   defining Unicode char U+2020 (decimal 8224)
   defining Unicode char U+2021 (decimal 8225)
   defining Unicode char U+2022 (decimal 8226)
   defining Unicode char U+2030 (decimal 8240)
   defining Unicode char U+2031 (decimal 8241)
   defining Unicode char U+203B (decimal 8251)
   defining Unicode char U+203D (decimal 8253)
   defining Unicode char U+2044 (decimal 8260)
   defining Unicode char U+204E (decimal 8270)
   defining Unicode char U+2052 (decimal 8274)
   defining Unicode char U+20A1 (decimal 8353)
   defining Unicode char U+20A4 (decimal 8356)
   defining Unicode char U+20A6 (decimal 8358)
   defining Unicode char U+20A9 (decimal 8361)
   defining Unicode char U+20AB (decimal 8363)
   defining Unicode char U+20AC (decimal 8364)
   defining Unicode char U+20B1 (decimal 8369)
   defining Unicode char U+2103 (decimal 8451)
   defining Unicode char U+2116 (decimal 8470)
   defining Unicode char U+2117 (decimal 8471)
   defining Unicode char U+211E (decimal 8478)
   defining Unicode char U+2120 (decimal 8480)
   defining Unicode char U+2122 (decimal 8482)
   defining Unicode char U+2126 (decimal 8486)
   defining Unicode char U+2127 (decimal 8487)
   defining Unicode char U+212E (decimal 8494)
   defining Unicode char U+2190 (decimal 8592)
   defining Unicode char U+2191 (decimal 8593)
   defining Unicode char U+2192 (decimal 8594)
   defining Unicode char U+2193 (decimal 8595)
   defining Unicode char U+2329 (decimal 9001)
   defining Unicode char U+232A (decimal 9002)
   defining Unicode char U+2422 (decimal 9250)
   defining Unicode char U+25E6 (decimal 9702)
   defining Unicode char U+25EF (decimal 9711)
   defining Unicode char U+266A (decimal 9834)
   defining Unicode char U+FEFF (decimal 65279)
))
LaTeX Info: Redefining \oldstylenums on input line 334.
Package textcomp Info: Setting cmr sub-encoding to TS1/0 on input line 349.
Package textcomp Info: Setting cmss sub-encoding to TS1/0 on input line 350.
Package textcomp Info: Setting cmtt sub-encoding to TS1/0 on input line 351.
Package textcomp Info: Setting cmvtt sub-encoding to TS1/0 on input line 352.
Package textcomp Info: Setting cmbr sub-encoding to TS1/0 on input line 353.
Package textcomp Info: Setting cmtl sub-encoding to TS1/0 on input line 354.
Package textcomp Info: Setting ccr sub-encoding to TS1/0 on input line 355.
Package textcomp Info: Setting ptm sub-encoding to TS1/4 on input line 356.
Package textcomp Info: Setting pcr sub-encoding to TS1/4 on input line 357.
Package textcomp Info: Setting phv sub-encoding to TS1/4 on input line 358.
Package textcomp Info: Setting ppl sub-encoding to TS1/3 on input line 359.
Package textcomp Info: Setting pag sub-encoding to TS1/4 on input line 360.
Package textcomp Info: Setting pbk sub-encoding to TS1/4 on input line 361.
Package textcomp Info: Setting pnc sub-encoding to TS1/4 on input line 362.
Package textcomp Info: Setting pzc sub-encoding to TS1/4 on input line 363.
Package textcomp Info: Setting bch sub-encoding to TS1/4 on input line 364.
Package textcomp Info: Setting put sub-encoding to TS1/5 on input line 365.
Package textcomp Info: Setting uag sub-encoding to TS1/5 on input line 366.
Package textcomp Info: Setting ugq sub-encoding to TS1/5 on input line 367.
Package textcomp Info: Setting ul8 sub-encoding to TS1/4 on input line 368.
Package textcomp Info: Setting ul9 sub-encoding to TS1/4 on input line 369.
Package textcomp Info: Setting augie sub-encoding to TS1/5 on input line 370.
Package textcomp Info: Setting dayrom sub-encoding to TS1/3 on input line 371.
Package textcomp Info: Setting dayroms sub-encoding to TS1/3 on input line 372.

Package textcomp Info: Setting pxr sub-encoding to TS1/0 on input line 373.
Package textcomp Info: Setting pxss sub-encoding to TS1/0 on input line 374.
Package textcomp Info: Setting pxtt sub-encoding to TS1/0 on input line 375.
Package textcomp Info: Setting txr sub-encoding to TS1/0 on input line 376.
Package textcomp Info: Setting txss sub-encoding to TS1/0 on input line 377.
Package textcomp Info: Setting txtt sub-encoding to TS1/0 on input line 378.
Package textcomp Info: Setting lmr sub-encoding to TS1/0 on input line 379.
Package textcomp Info: Setting lmdh sub-encoding to TS1/0 on input line 380.
Package textcomp Info: Setting lmss sub-encoding to TS1/0 on input line 381.
Package textcomp Info: Setting lmssq sub-encoding to TS1/0 on input line 382.
Package textcomp Info: Setting lmvtt sub-encoding to TS1/0 on input line 383.
Package textcomp Info: Setting lmtt sub-encoding to TS1/0 on input line 384.
Package textcomp Info: Setting qhv sub-encoding to TS1/0 on input line 385.
Package textcomp Info: Setting qag sub-encoding to TS1/0 on input line 386.
Package textcomp Info: Setting qbk sub-encoding to TS1/0 on input line 387.
Package textcomp Info: Setting qcr sub-encoding to TS1/0 on input line 388.
Package textcomp Info: Setting qcs sub-encoding to TS1/0 on input line 389.
Package textcomp Info: Setting qpl sub-encoding to TS1/0 on input line 390.
Package textcomp Info: Setting qtm sub-encoding to TS1/0 on input line 391.
Package textcomp Info: Setting qzc sub-encoding to TS1/0 on input line 392.
Package textcomp Info: Setting qhvc sub-encoding to TS1/0 on input line 393.
Package textcomp Info: Setting futs sub-encoding to TS1/4 on input line 394.
Package textcomp Info: Setting futx sub-encoding to TS1/4 on input line 395.
Package textcomp Info: Setting futj sub-encoding to TS1/4 on input line 396.
Package textcomp Info: Setting hlh sub-encoding to TS1/3 on input line 397.
Package textcomp Info: Setting hls sub-encoding to TS1/3 on input line 398.
Package textcomp Info: Setting hlst sub-encoding to TS1/3 on input line 399.
Package textcomp Info: Setting hlct sub-encoding to TS1/5 on input line 400.
Package textcomp Info: Setting hlx sub-encoding to TS1/5 on input line 401.
Package textcomp Info: Setting hlce sub-encoding to TS1/5 on input line 402.
Package textcomp Info: Setting hlcn sub-encoding to TS1/5 on input line 403.
Package textcomp Info: Setting hlcw sub-encoding to TS1/5 on input line 404.
Package textcomp Info: Setting hlcf sub-encoding to TS1/5 on input line 405.
Package textcomp Info: Setting pplx sub-encoding to TS1/3 on input line 406.
Package textcomp Info: Setting pplj sub-encoding to TS1/3 on input line 407.
Package textcomp Info: Setting ptmx sub-encoding to TS1/4 on input line 408.
Package textcomp Info: Setting ptmj sub-encoding to TS1/4 on input line 409.
) ("C:\Program Files\MiKTeX 2.9\tex/latex/upquote\upquote.sty"
Package: upquote 2012/04/19 v1.3 upright-quote and grave-accent glyphs in verba
tim
) ("C:\Program Files\MiKTeX 2.9\tex/latex/microtype\microtype.sty"
Package: microtype 2018/01/14 v2.7a Micro-typographical refinements (RS)
("C:\Program Files\MiKTeX 2.9\tex/latex/graphics\keyval.sty"
Package: keyval 2014/10/28 v1.15 key=value parser (DPC)
\KV@toks@=\toks22
)
\MT@toks=\toks23
\MT@count=\count100
LaTeX Info: Redefining \textls on input line 793.
\MT@outer@kern=\dimen112
LaTeX Info: Redefining \textmicrotypecontext on input line 1339.
\MT@listname@count=\count101
("C:\Program Files\MiKTeX 2.9\tex/latex/microtype\microtype-pdftex.def"
File: microtype-pdftex.def 2018/01/14 v2.7a Definitions specific to pdftex (RS)

LaTeX Info: Redefining \lsstyle on input line 913.
LaTeX Info: Redefining \lslig on input line 913.
\MT@outer@space=\skip46
)
Package microtype Info: Loading configuration file microtype.cfg.
("C:\Program Files\MiKTeX 2.9\tex/latex/microtype\microtype.cfg"
File: microtype.cfg 2018/01/14 v2.7a microtype main configuration file (RS)
)) ("C:\Program Files\MiKTeX 2.9\tex/latex/parskip\parskip.sty"
Package: parskip 2019-01-16 v2.0c non-zero parskip adjustments
("C:\Program Files\MiKTeX 2.9\tex/latex/oberdiek\kvoptions.sty"
Package: kvoptions 2016/05/16 v3.12 Key value format for package options (HO)
("C:\Program Files\MiKTeX 2.9\tex/generic/oberdiek\ltxcmds.sty"
Package: ltxcmds 2016/05/16 v1.23 LaTeX kernel commands for general use (HO)
) ("C:\Program Files\MiKTeX 2.9\tex/generic/oberdiek\kvsetkeys.sty"
Package: kvsetkeys 2016/05/16 v1.17 Key value parser (HO)
("C:\Program Files\MiKTeX 2.9\tex/generic/oberdiek\infwarerr.sty"
Package: infwarerr 2016/05/16 v1.4 Providing info/warning/error messages (HO)
) ("C:\Program Files\MiKTeX 2.9\tex/generic/oberdiek\etexcmds.sty"
Package: etexcmds 2016/05/16 v1.6 Avoid name clashes with e-TeX commands (HO)
))) ("C:\Program Files\MiKTeX 2.9\tex/latex/etoolbox\etoolbox.sty"
Package: etoolbox 2018/08/19 v2.5f e-TeX tools for LaTeX (JAW)
\etb@tempcnta=\count102
)) ("C:\Program Files\MiKTeX 2.9\tex/latex/xcolor\xcolor.sty"
Package: xcolor 2016/05/11 v2.12 LaTeX color extensions (UK)
("C:\Program Files\MiKTeX 2.9\tex/latex/graphics-cfg\color.cfg"
File: color.cfg 2016/01/02 v1.6 sample color configuration
)
Package xcolor Info: Driver file: pdftex.def on input line 225.
("C:\Program Files\MiKTeX 2.9\tex/latex/graphics-def\pdftex.def"
File: pdftex.def 2018/01/08 v1.0l Graphics/color driver for pdftex
)
Package xcolor Info: Model `cmy' substituted by `cmy0' on input line 1348.
Package xcolor Info: Model `hsb' substituted by `rgb' on input line 1352.
Package xcolor Info: Model `RGB' extended on input line 1364.
Package xcolor Info: Model `HTML' substituted by `rgb' on input line 1366.
Package xcolor Info: Model `Hsb' substituted by `hsb' on input line 1367.
Package xcolor Info: Model `tHsb' substituted by `hsb' on input line 1368.
Package xcolor Info: Model `HSB' substituted by `hsb' on input line 1369.
Package xcolor Info: Model `Gray' substituted by `gray' on input line 1370.
Package xcolor Info: Model `wave' substituted by `hsb' on input line 1371.
) ("C:\Program Files\MiKTeX 2.9\tex/latex/xurl\xurl.sty"
Package: xurl 2020/01/24 v 0.09 modify URL breaks
("C:\Program Files\MiKTeX 2.9\tex/latex/url\url.sty"
\Urlmuskip=\muskip11
Package: url 2013/09/16  ver 3.4  Verb mode for urls, etc.
)) ("C:\Program Files\MiKTeX 2.9\tex/latex/oberdiek\bookmark.sty"
Package: bookmark 2016/05/17 v1.26 PDF bookmarks (HO)
("C:\Program Files\MiKTeX 2.9\tex/generic/oberdiek\pdfescape.sty"
Package: pdfescape 2016/05/16 v1.14 Implements pdfTeX's escape features (HO)
("C:\Program Files\MiKTeX 2.9\tex/generic/oberdiek\pdftexcmds.sty"
Package: pdftexcmds 2018/09/10 v0.29 Utility functions of pdfTeX for LuaTeX (HO
)
("C:\Program Files\MiKTeX 2.9\tex/generic/oberdiek\ifpdf.sty"
Package: ifpdf 2018/09/07 v3.3 Provides the ifpdf switch
)
Package pdftexcmds Info: LuaTeX not detected.
Package pdftexcmds Info: \pdf@primitive is available.
Package pdftexcmds Info: \pdf@ifprimitive is available.
Package pdftexcmds Info: \pdfdraftmode found.
)) ("C:\Program Files\MiKTeX 2.9\tex/generic/oberdiek\ifvtex.sty"
Package: ifvtex 2016/05/16 v1.6 Detect VTeX and its facilities (HO)
Package ifvtex Info: VTeX not detected.
) ("C:\Program Files\MiKTeX 2.9\tex/latex/hyperref\hyperref.sty"
Package: hyperref 2018/11/30 v6.88e Hypertext links for LaTeX
("C:\Program Files\MiKTeX 2.9\tex/generic/oberdiek\hobsub-hyperref.sty"
Package: hobsub-hyperref 2016/05/16 v1.14 Bundle oberdiek, subset hyperref (HO)

("C:\Program Files\MiKTeX 2.9\tex/generic/oberdiek\hobsub-generic.sty"
Package: hobsub-generic 2016/05/16 v1.14 Bundle oberdiek, subset generic (HO)
Package: hobsub 2016/05/16 v1.14 Construct package bundles (HO)
Package hobsub Info: Skipping package `infwarerr' (already loaded).
Package hobsub Info: Skipping package `ltxcmds' (already loaded).
Package hobsub Info: Skipping package `ifluatex' (already loaded).
Package hobsub Info: Skipping package `ifvtex' (already loaded).
Package: intcalc 2016/05/16 v1.2 Expandable calculations with integers (HO)
Package hobsub Info: Skipping package `ifpdf' (already loaded).
Package hobsub Info: Skipping package `etexcmds' (already loaded).
Package hobsub Info: Skipping package `kvsetkeys' (already loaded).
Package: kvdefinekeys 2016/05/16 v1.4 Define keys (HO)
Package hobsub Info: Skipping package `pdftexcmds' (already loaded).
Package hobsub Info: Skipping package `pdfescape' (already loaded).
Package: bigintcalc 2016/05/16 v1.4 Expandable calculations on big integers (HO
)
Package: bitset 2016/05/16 v1.2 Handle bit-vector datatype (HO)
Package: uniquecounter 2016/05/16 v1.3 Provide unlimited unique counter (HO)
)
Package hobsub Info: Skipping package `hobsub' (already loaded).
Package: letltxmacro 2016/05/16 v1.5 Let assignment for LaTeX macros (HO)
Package: hopatch 2016/05/16 v1.3 Wrapper for package hooks (HO)
Package: xcolor-patch 2016/05/16 xcolor patch
Package: atveryend 2016/05/16 v1.9 Hooks at the very end of document (HO)
Package: atbegshi 2016/06/09 v1.18 At begin shipout hook (HO)
Package: refcount 2016/05/16 v3.5 Data extraction from label references (HO)
Package: hycolor 2016/05/16 v1.8 Color options for hyperref/bookmark (HO)
) ("C:\Program Files\MiKTeX 2.9\tex/latex/oberdiek\auxhook.sty"
Package: auxhook 2016/05/16 v1.4 Hooks for auxiliary files (HO)
)
\@linkdim=\dimen113
\Hy@linkcounter=\count103
\Hy@pagecounter=\count104
("C:\Program Files\MiKTeX 2.9\tex/latex/hyperref\pd1enc.def"
File: pd1enc.def 2018/11/30 v6.88e Hyperref: PDFDocEncoding definition (HO)
Now handling font encoding PD1 ...
... no UTF-8 mapping file for font encoding PD1
)
\Hy@SavedSpaceFactor=\count105
("C:\Program Files\MiKTeX 2.9\tex/latex/00miktex\hyperref.cfg"
File: hyperref.cfg 2002/06/06 v1.2 hyperref configuration of TeXLive
)
Package hyperref Info: Option `unicode' set `true' on input line 4393.
("C:\Program Files\MiKTeX 2.9\tex/latex/hyperref\puenc.def"
File: puenc.def 2018/11/30 v6.88e Hyperref: PDF Unicode definition (HO)
Now handling font encoding PU ...
... no UTF-8 mapping file for font encoding PU
)
Package hyperref Info: Hyper figures OFF on input line 4519.
Package hyperref Info: Link nesting OFF on input line 4524.
Package hyperref Info: Hyper index ON on input line 4527.
Package hyperref Info: Plain pages OFF on input line 4534.
Package hyperref Info: Backreferencing OFF on input line 4539.
Package hyperref Info: Implicit mode ON; LaTeX internals redefined.
Package hyperref Info: Bookmarks ON on input line 4772.
\c@Hy@tempcnt=\count106
LaTeX Info: Redefining \url on input line 5125.
\XeTeXLinkMargin=\dimen114
\Fld@menulength=\count107
\Field@Width=\dimen115
\Fld@charsize=\dimen116
Package hyperref Info: Hyper figures OFF on input line 6380.
Package hyperref Info: Link nesting OFF on input line 6385.
Package hyperref Info: Hyper index ON on input line 6388.
Package hyperref Info: backreferencing OFF on input line 6395.
Package hyperref Info: Link coloring OFF on input line 6400.
Package hyperref Info: Link coloring with OCG OFF on input line 6405.
Package hyperref Info: PDF/A mode OFF on input line 6410.
LaTeX Info: Redefining \ref on input line 6450.
LaTeX Info: Redefining \pageref on input line 6454.
\Hy@abspage=\count108
\c@Item=\count109
\c@Hfootnote=\count110
)
Package hyperref Info: Driver (autodetected): hpdftex.
("C:\Program Files\MiKTeX 2.9\tex/latex/hyperref\hpdftex.def"
File: hpdftex.def 2018/11/30 v6.88e Hyperref driver for pdfTeX
\Fld@listcount=\count111
\c@bookmark@seq@number=\count112
("C:\Program Files\MiKTeX 2.9\tex/latex/oberdiek\rerunfilecheck.sty"
Package: rerunfilecheck 2016/05/16 v1.8 Rerun checks for auxiliary files (HO)
Package uniquecounter Info: New unique counter `rerunfilecheck' on input line 2
82.
)
\Hy@SectionHShift=\skip47
) ("C:\Program Files\MiKTeX 2.9\tex/latex/oberdiek\bkm-pdftex.def"
File: bkm-pdftex.def 2016/05/17 v1.26 bookmark driver for pdfTeX (HO)
\BKM@id=\count113
)) ("C:\Program Files\MiKTeX 2.9\tex/latex/geometry\geometry.sty"
Package: geometry 2018/04/16 v5.8 Page Geometry
\Gm@cnth=\count114
\Gm@cntv=\count115
\c@Gm@tempcnt=\count116
\Gm@bindingoffset=\dimen117
\Gm@wd@mp=\dimen118
\Gm@odd@mp=\dimen119
\Gm@even@mp=\dimen120
\Gm@layoutwidth=\dimen121
\Gm@layoutheight=\dimen122
\Gm@layouthoffset=\dimen123
\Gm@layoutvoffset=\dimen124
\Gm@dimlist=\toks24
("C:\Program Files\MiKTeX 2.9\tex/latex/geometry\geometry.cfg")) ("C:\Program F
iles\MiKTeX 2.9\tex/latex/tools\longtable.sty"
Package: longtable 2014/10/28 v4.11 Multi-page Table package (DPC)
\LTleft=\skip48
\LTright=\skip49
\LTpre=\skip50
\LTpost=\skip51
\LTchunksize=\count117
\LTcapwidth=\dimen125
\LT@head=\box29
\LT@firsthead=\box30
\LT@foot=\box31
\LT@lastfoot=\box32
\LT@cols=\count118
\LT@rows=\count119
\c@LT@tables=\count120
\c@LT@chunks=\count121
\LT@p@ftn=\toks25
) ("C:\Program Files\MiKTeX 2.9\tex/latex/booktabs\booktabs.sty"
Package: booktabs 2005/04/14 v1.61803 publication quality tables
\heavyrulewidth=\dimen126
\lightrulewidth=\dimen127
\cmidrulewidth=\dimen128
\belowrulesep=\dimen129
\belowbottomsep=\dimen130
\aboverulesep=\dimen131
\abovetopsep=\dimen132
\cmidrulesep=\dimen133
\cmidrulekern=\dimen134
\defaultaddspace=\dimen135
\@cmidla=\count122
\@cmidlb=\count123
\@aboverulesep=\dimen136
\@belowrulesep=\dimen137
\@thisruleclass=\count124
\@lastruleclass=\count125
\@thisrulewidth=\dimen138
) ("C:\Program Files\MiKTeX 2.9\tex/latex/footnotehyper\footnotehyper.sty"
Package: footnotehyper 2019/11/07 v1.1a hyperref aware footnote.sty (JFB)
\FNH@notes=\box33
\FNH@width=\dimen139
) ("C:\Program Files\MiKTeX 2.9\tex/latex/graphics\graphicx.sty"
Package: graphicx 2017/06/01 v1.1a Enhanced LaTeX Graphics (DPC,SPQR)
("C:\Program Files\MiKTeX 2.9\tex/latex/graphics\graphics.sty"
Package: graphics 2017/06/25 v1.2c Standard LaTeX Graphics (DPC,SPQR)
("C:\Program Files\MiKTeX 2.9\tex/latex/graphics\trig.sty"
Package: trig 2016/01/03 v1.10 sin cos tan (DPC)
) ("C:\Program Files\MiKTeX 2.9\tex/latex/graphics-cfg\graphics.cfg"
File: graphics.cfg 2016/06/04 v1.11 sample graphics configuration
)
Package graphics Info: Driver file: pdftex.def on input line 99.
)
\Gin@req@height=\dimen140
\Gin@req@width=\dimen141
) ("C:\Program Files\MiKTeX 2.9\tex/latex/oberdiek\grffile.sty"
Package: grffile 2017/06/30 v1.18 Extended file name support for graphics (HO)
Package grffile Info: Option `multidot' is set to `true'.
Package grffile Info: Option `extendedchars' is set to `false'.
Package grffile Info: Option `space' is set to `true'.
Package grffile Info: \Gin@ii of package `graphicx' fixed on input line 494.
) (grapes.aux

LaTeX Warning: Label `qq.char19' multiply defined.

)
\openout1 = `grapes.aux'.

LaTeX Font Info:    Checking defaults for OML/cmm/m/it on input line 76.
LaTeX Font Info:    ... okay on input line 76.
LaTeX Font Info:    Checking defaults for T1/cmr/m/n on input line 76.
LaTeX Font Info:    ... okay on input line 76.
LaTeX Font Info:    Checking defaults for OT1/cmr/m/n on input line 76.
LaTeX Font Info:    ... okay on input line 76.
LaTeX Font Info:    Checking defaults for OMS/cmsy/m/n on input line 76.
LaTeX Font Info:    ... okay on input line 76.
LaTeX Font Info:    Checking defaults for OMX/cmex/m/n on input line 76.
LaTeX Font Info:    ... okay on input line 76.
LaTeX Font Info:    Checking defaults for U/cmr/m/n on input line 76.
LaTeX Font Info:    ... okay on input line 76.
LaTeX Font Info:    Checking defaults for TS1/cmr/m/n on input line 76.
LaTeX Font Info:    Try loading font information for TS1+cmr on input line 76.
("C:\Program Files\MiKTeX 2.9\tex/latex/base\ts1cmr.fd"
File: ts1cmr.fd 2014/09/29 v2.5h Standard LaTeX font definitions
)
LaTeX Font Info:    ... okay on input line 76.
LaTeX Font Info:    Checking defaults for PD1/pdf/m/n on input line 76.
LaTeX Font Info:    ... okay on input line 76.
LaTeX Font Info:    Checking defaults for PU/pdf/m/n on input line 76.
LaTeX Font Info:    ... okay on input line 76.
LaTeX Font Info:    Try loading font information for T1+lmr on input line 76.
("C:\Program Files\MiKTeX 2.9\tex/latex/lm\t1lmr.fd"
File: t1lmr.fd 2009/10/30 v1.6 Font defs for Latin Modern
)
LaTeX Info: Redefining \microtypecontext on input line 76.
Package microtype Info: Generating PDF output.
Package microtype Info: Character protrusion enabled (level 2).
Package microtype Info: Using protrusion set `basicmath'.
Package microtype Info: Automatic font expansion enabled (level 2),
(microtype)             stretch: 20, shrink: 20, step: 1, non-selected.
Package microtype Info: Using default expansion set `basictext'.
Package microtype Info: No adjustment of tracking.
Package microtype Info: No adjustment of interword spacing.
Package microtype Info: No adjustment of character kerning.
("C:\Program Files\MiKTeX 2.9\tex/latex/microtype\mt-cmr.cfg"
File: mt-cmr.cfg 2013/05/19 v2.2 microtype config. file: Computer Modern Roman 
(RS)
) ("C:\Program Files\MiKTeX 2.9\tex/context/base\supp-pdf.mkii"
[Loading MPS to PDF converter (version 2006.09.02).]
\scratchcounter=\count126
\scratchdimen=\dimen142
\scratchbox=\box34
\nofMPsegments=\count127
\nofMParguments=\count128
\everyMPshowfont=\toks26
\MPscratchCnt=\count129
\MPscratchDim=\dimen143
\MPnumerator=\count130
\makeMPintoPDFobject=\count131
\everyMPtoPDFconversion=\toks27
) ("C:\Program Files\MiKTeX 2.9\tex/latex/oberdiek\epstopdf-base.sty"
Package: epstopdf-base 2016/05/15 v2.6 Base part for package epstopdf
("C:\Program Files\MiKTeX 2.9\tex/latex/oberdiek\grfext.sty"
Package: grfext 2016/05/16 v1.2 Manage graphics extensions (HO)
)
Package epstopdf-base Info: Redefining graphics rule for `.eps' on input line 4
38.
Package grfext Info: Graphics extension search list:
(grfext)             [.pdf,.png,.jpg,.mps,.jpeg,.jbig2,.jb2,.PDF,.PNG,.JPG,.JPE
G,.JBIG2,.JB2,.eps]
(grfext)             \AppendGraphicsExtensions on input line 456.
)
\AtBeginShipoutBox=\box35
Package hyperref Info: Link coloring OFF on input line 76.
("C:\Program Files\MiKTeX 2.9\tex/latex/hyperref\nameref.sty"
Package: nameref 2016/05/21 v2.44 Cross-referencing by name of section
("C:\Program Files\MiKTeX 2.9\tex/generic/oberdiek\gettitlestring.sty"
Package: gettitlestring 2016/05/16 v1.5 Cleanup title references (HO)
)
\c@section@level=\count132
)
LaTeX Info: Redefining \ref on input line 76.
LaTeX Info: Redefining \pageref on input line 76.
LaTeX Info: Redefining \nameref on input line 76.
*geometry* driver: auto-detecting
*geometry* detected driver: pdftex
*geometry* verbose mode - [ preamble ] result:
* driver: pdftex
* paper: <default>
* layout: <same size as paper>
* layoutoffset:(h,v)=(0.0pt,0.0pt)
* modes: 
* h-part:(L,W,R)=(72.26999pt, 469.75502pt, 72.26999pt)
* v-part:(T,H,B)=(72.26999pt, 650.43001pt, 72.26999pt)
* \paperwidth=614.295pt
* \paperheight=794.96999pt
* \textwidth=469.75502pt
* \textheight=650.43001pt
* \oddsidemargin=0.0pt
* \evensidemargin=0.0pt
* \topmargin=-37.0pt
* \headheight=12.0pt
* \headsep=25.0pt
* \topskip=10.0pt
* \footskip=30.0pt
* \marginparwidth=65.0pt
* \marginparsep=11.0pt
* \columnsep=10.0pt
* \skip\footins=9.0pt plus 4.0pt minus 2.0pt
* \hoffset=0.0pt
* \voffset=0.0pt
* \mag=1000
* \@twocolumnfalse
* \@twosidefalse
* \@mparswitchfalse
* \@reversemarginfalse
* (1in=72.27pt=25.4mm, 1cm=28.453pt)

LaTeX Font Info:    Try loading font information for OT1+lmr on input line 78.
("C:\Program Files\MiKTeX 2.9\tex/latex/lm\ot1lmr.fd"
File: ot1lmr.fd 2009/10/30 v1.6 Font defs for Latin Modern
)
LaTeX Font Info:    Try loading font information for OML+lmm on input line 78.
("C:\Program Files\MiKTeX 2.9\tex/latex/lm\omllmm.fd"
File: omllmm.fd 2009/10/30 v1.6 Font defs for Latin Modern
)
LaTeX Font Info:    Try loading font information for OMS+lmsy on input line 78.

("C:\Program Files\MiKTeX 2.9\tex/latex/lm\omslmsy.fd"
File: omslmsy.fd 2009/10/30 v1.6 Font defs for Latin Modern
)
LaTeX Font Info:    Try loading font information for OMX+lmex on input line 78.

("C:\Program Files\MiKTeX 2.9\tex/latex/lm\omxlmex.fd"
File: omxlmex.fd 2009/10/30 v1.6 Font defs for Latin Modern
)
LaTeX Font Info:    External font `lmex10' loaded for size
(Font)              <12> on input line 78.
LaTeX Font Info:    External font `lmex10' loaded for size
(Font)              <8> on input line 78.
LaTeX Font Info:    External font `lmex10' loaded for size
(Font)              <6> on input line 78.
LaTeX Font Info:    Try loading font information for U+msa on input line 78.
("C:\Program Files\MiKTeX 2.9\tex/latex/amsfonts\umsa.fd"
File: umsa.fd 2013/01/14 v3.01 AMS symbols A
) ("C:\Program Files\MiKTeX 2.9\tex/latex/microtype\mt-msa.cfg"
File: mt-msa.cfg 2006/02/04 v1.1 microtype config. file: AMS symbols (a) (RS)
)
LaTeX Font Info:    Try loading font information for U+msb on input line 78.
("C:\Program Files\MiKTeX 2.9\tex/latex/amsfonts\umsb.fd"
File: umsb.fd 2013/01/14 v3.01 AMS symbols B
) ("C:\Program Files\MiKTeX 2.9\tex/latex/microtype\mt-msb.cfg"
File: mt-msb.cfg 2005/06/01 v1.0 microtype config. file: AMS symbols (b) (RS)
)
LaTeX Font Info:    Try loading font information for T1+lmtt on input line 79.
("C:\Program Files\MiKTeX 2.9\tex/latex/lm\t1lmtt.fd"
File: t1lmtt.fd 2009/10/30 v1.6 Font defs for Latin Modern
)
LaTeX Font Info:    Try loading font information for TS1+lmtt on input line 81.

("C:\Program Files\MiKTeX 2.9\tex/latex/lm\ts1lmtt.fd"
File: ts1lmtt.fd 2009/10/30 v1.6 Font defs for Latin Modern
)
Overfull \hbox (107.7433pt too wide) in paragraph at lines 85--85
[]\T1/lmtt/m/n/10 ## -- Attaching packages ------------------------------------
------------------------------ tidyverse 1.3.0 --[] 
 []


Overfull \hbox (107.7433pt too wide) in paragraph at lines 106--106
[]\T1/lmtt/m/n/10 ## -- Conflicts ---------------------------------------------
------------------------ tidyverse_conflicts() --[] 
 []


Overfull \hbox (16.23235pt too wide) in paragraph at lines 166--167
[]\T1/lmr/m/n/10 (-20) Variable|  
 []


Overfull \hbox (13.79633pt too wide) in paragraph at lines 168--169
[]\T1/lmr/m/n/10 (-20) Units|  
 []


Overfull \hbox (21.81122pt too wide) in paragraph at lines 172--173
[]\T1/lmr/m/n/10 (-20) Grape|  
 []


Overfull \hbox (14.53564pt too wide) in paragraph at lines 174--175
[]\T1/lmr/m/n/10 (-20) Year|  
 []


Overfull \hbox (16.23235pt too wide) in paragraph at lines 182--183
[]\T1/lmr/m/n/10 (-20) Variable|  
 []


Overfull \hbox (13.79633pt too wide) in paragraph at lines 184--185
[]\T1/lmr/m/n/10 (-20) Units|  
 []


Overfull \hbox (21.81122pt too wide) in paragraph at lines 188--189
[]\T1/lmr/m/n/10 (-20) Grape|  
 []


Overfull \hbox (14.53564pt too wide) in paragraph at lines 190--191
[]\T1/lmr/m/n/10 (-20) Year|  
 []


Overfull \hbox (13.47156pt too wide) in paragraph at lines 197--198
\T1/lmr/m/n/10 (-20) clusters|  
 []


Overfull \hbox (17.00267pt too wide) in paragraph at lines 199--200
[]\T1/lmr/m/n/10 (-20) Count|  
 []


Overfull \hbox (16.40198pt too wide) in paragraph at lines 204--205
[]\T1/lmr/m/n/10 (-20) Both|  
 []


Overfull \hbox (16.40198pt too wide) in paragraph at lines 206--207
[]\T1/lmr/m/n/10 (-20) Both|  
 []


Overfull \hbox (3.42737pt too wide) in paragraph at lines 211--212
[]\T1/lmr/m/n/10 (-20) Yield|  
 []


Overfull \hbox (0.67532pt too wide) in paragraph at lines 213--214
[]\T1/lmr/m/n/10 (-20) kg|  
 []


Overfull \hbox (16.40198pt too wide) in paragraph at lines 218--219
[]\T1/lmr/m/n/10 (-20) Both|  
 []


Overfull \hbox (16.40198pt too wide) in paragraph at lines 220--221
[]\T1/lmr/m/n/10 (-20) Both|  
 []


Overfull \hbox (14.31604pt too wide) in paragraph at lines 225--226
[]\T1/lmr/m/n/10 (-20) Average 
 []


Overfull \hbox (8.33838pt too wide) in paragraph at lines 225--226
\T1/lmr/m/n/10 (-20) weight 
 []


Overfull \hbox (23.26994pt too wide) in paragraph at lines 227--228
[]\T1/lmr/m/n/10 (-20) kg/vine|  
 []


Overfull \hbox (16.40198pt too wide) in paragraph at lines 231--232
[]\T1/lmr/m/n/10 (-20) Both|  
 []


Overfull \hbox (16.40198pt too wide) in paragraph at lines 233--234
[]\T1/lmr/m/n/10 (-20) Both|  
 []

[1

{C:/Users/Shannon/AppData/Local/MiKTeX/2.9/pdftex/config/pdftex.map}] [2] [3]
LaTeX Font Info:    External font `lmex10' loaded for size
(Font)              <10> on input line 423.
LaTeX Font Info:    External font `lmex10' loaded for size
(Font)              <7> on input line 423.
LaTeX Font Info:    External font `lmex10' loaded for size
(Font)              <5> on input line 423.
[4]
<grapes_files/figure-latex/unnamed-chunk-14-1.pdf, id=53, 469.755pt x 325.215pt
>
File: grapes_files/figure-latex/unnamed-chunk-14-1.pdf Graphic file (type pdf)
<use grapes_files/figure-latex/unnamed-chunk-14-1.pdf>
Package pdftex.def Info: grapes_files/figure-latex/unnamed-chunk-14-1.pdf  used
 on input line 553.
(pdftex.def)             Requested size: 469.75386pt x 325.2142pt.

Underfull \hbox (badness 10000) in paragraph at lines 553--556
[]
 []

[5]
<grapes_files/figure-latex/unnamed-chunk-15-1.pdf, id=61, 469.755pt x 325.215pt
>
File: grapes_files/figure-latex/unnamed-chunk-15-1.pdf Graphic file (type pdf)
<use grapes_files/figure-latex/unnamed-chunk-15-1.pdf>
Package pdftex.def Info: grapes_files/figure-latex/unnamed-chunk-15-1.pdf  used
 on input line 560.
(pdftex.def)             Requested size: 469.75386pt x 325.2142pt.

Underfull \hbox (badness 10000) in paragraph at lines 560--562
[]
 []

[6 <./grapes_files/figure-latex/unnamed-chunk-14-1.pdf>]
<grapes_files/figure-latex/unnamed-chunk-16-1.pdf, id=77, 469.755pt x 325.215pt
>
File: grapes_files/figure-latex/unnamed-chunk-16-1.pdf Graphic file (type pdf)
<use grapes_files/figure-latex/unnamed-chunk-16-1.pdf>
Package pdftex.def Info: grapes_files/figure-latex/unnamed-chunk-16-1.pdf  used
 on input line 566.
(pdftex.def)             Requested size: 469.75386pt x 325.2142pt.
<grapes_files/figure-latex/unnamed-chunk-17-1.pdf, id=78, 469.755pt x 325.215pt
>
File: grapes_files/figure-latex/unnamed-chunk-17-1.pdf Graphic file (type pdf)
<use grapes_files/figure-latex/unnamed-chunk-17-1.pdf>
Package pdftex.def Info: grapes_files/figure-latex/unnamed-chunk-17-1.pdf  used
 on input line 568.
(pdftex.def)             Requested size: 469.75386pt x 325.2142pt.

Underfull \hbox (badness 10000) in paragraph at lines 566--572
[]
 []


Overfull \hbox (78.55818pt too wide) in paragraph at lines 566--572
\T1/lmr/m/n/10 (-20) ### mer-lot 2020 []
 []

[7 <./grapes_files/figure-latex/unnamed-chunk-15-1.pdf>]
Overfull \vbox (18.45663pt too high) has occurred while \output is active []

[8 <./grapes_files/figure-latex/unnamed-chunk-16-1.pdf> <./grapes_files/figure-
latex/unnamed-chunk-17-1.pdf>]
Overfull \hbox (23.74355pt too wide) in paragraph at lines 590--590
[]\T1/lmtt/m/n/10 ## \TS1/lmtt/m/n/10 `\T1/lmtt/m/n/10 summarise()\TS1/lmtt/m/n
/10 ` \T1/lmtt/m/n/10 has grouped output by \TS1/lmtt/m/n/10 '\T1/lmtt/m/n/10 b
lock\TS1/lmtt/m/n/10 '\T1/lmtt/m/n/10 . You can override using the \TS1/lmtt/m/
n/10 `\T1/lmtt/m/n/10 .groups\TS1/lmtt/m/n/10 ` \T1/lmtt/m/n/10 argument.[] 
 []


Overfull \hbox (3.80759pt too wide) in paragraph at lines 597--598
[]\T1/lmr/m/n/10 (-20) block|  
 []


Overfull \hbox (9.32991pt too wide) in paragraph at lines 599--600
[]\T1/lmr/m/n/10 (-20) treatment|  
 []


Overfull \hbox (24.51166pt too wide) in paragraph at lines 601--602
 []\T1/lmr/m/n/10 (-20) var.num_of_cluster|
 []


Overfull \hbox (29.58781pt too wide) in paragraph at lines 603--604
 []\T1/lmr/m/n/10 (-20) mean.num_of_cluster|
 []


Overfull \hbox (3.34793pt too wide) in paragraph at lines 605--606
 []\T1/lmr/m/n/10 (-20) var.yield|
 []


Overfull \hbox (13.11906pt too wide) in paragraph at lines 607--608
 []\T1/lmr/m/n/10 (-20) mean.yield|
 []


Overfull \hbox (18.24538pt too wide) in paragraph at lines 609--610
 []\T1/lmr/m/n/10 (-20) var.cluster_weight|
 []


Overfull \hbox (23.32153pt too wide) in paragraph at lines 611--612
 []\T1/lmr/m/n/10 (-20) mean.cluster_weight|
 []


Overfull \hbox (3.80759pt too wide) in paragraph at lines 617--618
[]\T1/lmr/m/n/10 (-20) block|  
 []


Overfull \hbox (9.32991pt too wide) in paragraph at lines 619--620
[]\T1/lmr/m/n/10 (-20) treatment|  
 []


Overfull \hbox (24.51166pt too wide) in paragraph at lines 621--622
 []\T1/lmr/m/n/10 (-20) var.num_of_cluster|
 []


Overfull \hbox (29.58781pt too wide) in paragraph at lines 623--624
 []\T1/lmr/m/n/10 (-20) mean.num_of_cluster|
 []


Overfull \hbox (3.34793pt too wide) in paragraph at lines 625--626
 []\T1/lmr/m/n/10 (-20) var.yield|
 []


Overfull \hbox (13.11906pt too wide) in paragraph at lines 627--628
 []\T1/lmr/m/n/10 (-20) mean.yield|
 []


Overfull \hbox (18.24538pt too wide) in paragraph at lines 629--630
 []\T1/lmr/m/n/10 (-20) var.cluster_weight|
 []


Overfull \hbox (23.32153pt too wide) in paragraph at lines 631--632
 []\T1/lmr/m/n/10 (-20) mean.cluster_weight|
 []


Overfull \hbox (8.78586pt too wide) in paragraph at lines 644--645
 []\T1/lmr/m/n/10 (-20) 2.9934334|
 []


Overfull \hbox (4.13586pt too wide) in paragraph at lines 646--647
 []\T1/lmr/m/n/10 (-20) 5.590526|
 []


Overfull \hbox (9.03586pt too wide) in paragraph at lines 661--662
 []\T1/lmr/m/n/10 (-20) 5.7176824|
 []


Overfull \hbox (4.13586pt too wide) in paragraph at lines 663--664
 []\T1/lmr/m/n/10 (-20) 5.284351|
 []


Overfull \hbox (8.53586pt too wide) in paragraph at lines 678--679
 []\T1/lmr/m/n/10 (-20) 1.3118024|
 []


Overfull \hbox (3.88586pt too wide) in paragraph at lines 680--681
 []\T1/lmr/m/n/10 (-20) 7.609012|
 []


Overfull \hbox (9.03586pt too wide) in paragraph at lines 695--696
 []\T1/lmr/m/n/10 (-20) 8.3402586|
 []


Overfull \hbox (3.88586pt too wide) in paragraph at lines 697--698
 []\T1/lmr/m/n/10 (-20) 7.144080|
 []


Overfull \hbox (8.78586pt too wide) in paragraph at lines 712--713
 []\T1/lmr/m/n/10 (-20) 2.6102314|
 []


Overfull \hbox (4.13586pt too wide) in paragraph at lines 714--715
 []\T1/lmr/m/n/10 (-20) 6.214215|
 []


Overfull \hbox (8.78586pt too wide) in paragraph at lines 729--730
 []\T1/lmr/m/n/10 (-20) 3.4153842|
 []


Overfull \hbox (4.13586pt too wide) in paragraph at lines 731--732
 []\T1/lmr/m/n/10 (-20) 5.851342|
 []


Overfull \hbox (9.03586pt too wide) in paragraph at lines 746--747
 []\T1/lmr/m/n/10 (-20) 0.6549582|
 []


Overfull \hbox (4.13586pt too wide) in paragraph at lines 748--749
 []\T1/lmr/m/n/10 (-20) 6.191536|
 []


Overfull \hbox (8.53586pt too wide) in paragraph at lines 763--764
 []\T1/lmr/m/n/10 (-20) 1.1650369|
 []


Overfull \hbox (4.13586pt too wide) in paragraph at lines 765--766
 []\T1/lmr/m/n/10 (-20) 5.817322|
 []


Overfull \hbox (8.53586pt too wide) in paragraph at lines 780--781
 []\T1/lmr/m/n/10 (-20) 1.4450230|
 []


Overfull \hbox (4.13586pt too wide) in paragraph at lines 782--783
 []\T1/lmr/m/n/10 (-20) 5.601866|
 []


Overfull \hbox (13.43585pt too wide) in paragraph at lines 797--798
 []\T1/lmr/m/n/10 (-20) 11.2973435|
 []


Overfull \hbox (4.13586pt too wide) in paragraph at lines 799--800
 []\T1/lmr/m/n/10 (-20) 5.204972|
 []

<grapes_files/figure-latex/unnamed-chunk-19-1.pdf, id=109, 469.755pt x 325.215p
t>
File: grapes_files/figure-latex/unnamed-chunk-19-1.pdf Graphic file (type pdf)
<use grapes_files/figure-latex/unnamed-chunk-19-1.pdf>
Package pdftex.def Info: grapes_files/figure-latex/unnamed-chunk-19-1.pdf  used
 on input line 814.
(pdftex.def)             Requested size: 444.7523pt x 307.90543pt.
<grapes_files/figure-latex/unnamed-chunk-19-2.pdf, id=110, 469.755pt x 325.215p
t>
File: grapes_files/figure-latex/unnamed-chunk-19-2.pdf Graphic file (type pdf)
<use grapes_files/figure-latex/unnamed-chunk-19-2.pdf>
Package pdftex.def Info: grapes_files/figure-latex/unnamed-chunk-19-2.pdf  used
 on input line 815.
(pdftex.def)             Requested size: 444.7523pt x 307.90543pt.
<grapes_files/figure-latex/unnamed-chunk-19-3.pdf, id=111, 469.755pt x 325.215p
t>
File: grapes_files/figure-latex/unnamed-chunk-19-3.pdf Graphic file (type pdf)
<use grapes_files/figure-latex/unnamed-chunk-19-3.pdf>
Package pdftex.def Info: grapes_files/figure-latex/unnamed-chunk-19-3.pdf  used
 on input line 816.
(pdftex.def)             Requested size: 444.7523pt x 307.90543pt.

Overfull \hbox (263.21199pt too wide) in paragraph at lines 813--819
[]\T1/lmr/m/n/10 (-20) Visualization (side by side box-plots for each re-sponse
 vari-able) []
 []


Underfull \hbox (badness 10000) in paragraph at lines 813--819
[]
 []


Underfull \hbox (badness 10000) in paragraph at lines 813--819
[]
 []

[9 <./grapes_files/figure-latex/unnamed-chunk-19-1.pdf>]
Overfull \hbox (23.74355pt too wide) in paragraph at lines 825--825
[]\T1/lmtt/m/n/10 ## \TS1/lmtt/m/n/10 `\T1/lmtt/m/n/10 summarise()\TS1/lmtt/m/n
/10 ` \T1/lmtt/m/n/10 has grouped output by \TS1/lmtt/m/n/10 '\T1/lmtt/m/n/10 b
lock\TS1/lmtt/m/n/10 '\T1/lmtt/m/n/10 . You can override using the \TS1/lmtt/m/
n/10 `\T1/lmtt/m/n/10 .groups\TS1/lmtt/m/n/10 ` \T1/lmtt/m/n/10 argument.[] 
 []

[10 <./grapes_files/figure-latex/unnamed-chunk-19-2.pdf> <./grapes_files/figure
-latex/unnamed-chunk-19-3.pdf>]
<grapes_files/figure-latex/unnamed-chunk-21-1.pdf, id=143, 469.755pt x 325.215p
t>
File: grapes_files/figure-latex/unnamed-chunk-21-1.pdf Graphic file (type pdf)
<use grapes_files/figure-latex/unnamed-chunk-21-1.pdf>
Package pdftex.def Info: grapes_files/figure-latex/unnamed-chunk-21-1.pdf  used
 on input line 852.
(pdftex.def)             Requested size: 444.7523pt x 307.90543pt.
<grapes_files/figure-latex/unnamed-chunk-21-2.pdf, id=144, 469.755pt x 325.215p
t>
File: grapes_files/figure-latex/unnamed-chunk-21-2.pdf Graphic file (type pdf)
<use grapes_files/figure-latex/unnamed-chunk-21-2.pdf>
Package pdftex.def Info: grapes_files/figure-latex/unnamed-chunk-21-2.pdf  used
 on input line 853.
(pdftex.def)             Requested size: 444.7523pt x 307.90543pt.
<grapes_files/figure-latex/unnamed-chunk-21-3.pdf, id=145, 469.755pt x 325.215p
t>
File: grapes_files/figure-latex/unnamed-chunk-21-3.pdf Graphic file (type pdf)
<use grapes_files/figure-latex/unnamed-chunk-21-3.pdf>
Package pdftex.def Info: grapes_files/figure-latex/unnamed-chunk-21-3.pdf  used
 on input line 854.
(pdftex.def)             Requested size: 444.7523pt x 307.90543pt.

Overfull \hbox (263.21199pt too wide) in paragraph at lines 851--857
[]\T1/lmr/m/n/10 (-20) Visualization (side by side box-plots for each re-sponse
 vari-able) []
 []


Underfull \hbox (badness 10000) in paragraph at lines 851--857
[]
 []


Underfull \hbox (badness 10000) in paragraph at lines 851--857
[]
 []

[11 <./grapes_files/figure-latex/unnamed-chunk-21-1.pdf>]
Overfull \hbox (23.74355pt too wide) in paragraph at lines 863--863
[]\T1/lmtt/m/n/10 ## \TS1/lmtt/m/n/10 `\T1/lmtt/m/n/10 summarise()\TS1/lmtt/m/n
/10 ` \T1/lmtt/m/n/10 has grouped output by \TS1/lmtt/m/n/10 '\T1/lmtt/m/n/10 b
lock\TS1/lmtt/m/n/10 '\T1/lmtt/m/n/10 . You can override using the \TS1/lmtt/m/
n/10 `\T1/lmtt/m/n/10 .groups\TS1/lmtt/m/n/10 ` \T1/lmtt/m/n/10 argument.[] 
 []

[12 <./grapes_files/figure-latex/unnamed-chunk-21-2.pdf> <./grapes_files/figure
-latex/unnamed-chunk-21-3.pdf>]
<grapes_files/figure-latex/unnamed-chunk-23-1.pdf, id=171, 469.755pt x 325.215p
t>
File: grapes_files/figure-latex/unnamed-chunk-23-1.pdf Graphic file (type pdf)
<use grapes_files/figure-latex/unnamed-chunk-23-1.pdf>
Package pdftex.def Info: grapes_files/figure-latex/unnamed-chunk-23-1.pdf  used
 on input line 891.
(pdftex.def)             Requested size: 444.7523pt x 307.90543pt.
<grapes_files/figure-latex/unnamed-chunk-23-2.pdf, id=172, 469.755pt x 325.215p
t>
File: grapes_files/figure-latex/unnamed-chunk-23-2.pdf Graphic file (type pdf)
<use grapes_files/figure-latex/unnamed-chunk-23-2.pdf>
Package pdftex.def Info: grapes_files/figure-latex/unnamed-chunk-23-2.pdf  used
 on input line 892.
(pdftex.def)             Requested size: 444.7523pt x 307.90543pt.
<grapes_files/figure-latex/unnamed-chunk-23-3.pdf, id=173, 469.755pt x 325.215p
t>
File: grapes_files/figure-latex/unnamed-chunk-23-3.pdf Graphic file (type pdf)
<use grapes_files/figure-latex/unnamed-chunk-23-3.pdf>
Package pdftex.def Info: grapes_files/figure-latex/unnamed-chunk-23-3.pdf  used
 on input line 893.
(pdftex.def)             Requested size: 444.7523pt x 307.90543pt.
<grapes_files/figure-latex/unnamed-chunk-23-4.pdf, id=174, 469.755pt x 325.215p
t>
File: grapes_files/figure-latex/unnamed-chunk-23-4.pdf Graphic file (type pdf)
<use grapes_files/figure-latex/unnamed-chunk-23-4.pdf>
Package pdftex.def Info: grapes_files/figure-latex/unnamed-chunk-23-4.pdf  used
 on input line 894.
(pdftex.def)             Requested size: 444.7523pt x 307.90543pt.

Overfull \hbox (263.21199pt too wide) in paragraph at lines 890--895
[]\T1/lmr/m/n/10 (-20) Visualization (side by side box-plots for each re-sponse
 vari-able) []
 []


Underfull \hbox (badness 10000) in paragraph at lines 890--895
[]
 []


Underfull \hbox (badness 10000) in paragraph at lines 890--895
[]
 []

[13 <./grapes_files/figure-latex/unnamed-chunk-23-1.pdf>] [14 <./grapes_files/f
igure-latex/unnamed-chunk-23-2.pdf> <./grapes_files/figure-latex/unnamed-chunk-
23-3.pdf>]
Overfull \hbox (23.74355pt too wide) in paragraph at lines 910--910
[]\T1/lmtt/m/n/10 ## \TS1/lmtt/m/n/10 `\T1/lmtt/m/n/10 summarise()\TS1/lmtt/m/n
/10 ` \T1/lmtt/m/n/10 has grouped output by \TS1/lmtt/m/n/10 '\T1/lmtt/m/n/10 b
lock\TS1/lmtt/m/n/10 '\T1/lmtt/m/n/10 . You can override using the \TS1/lmtt/m/
n/10 `\T1/lmtt/m/n/10 .groups\TS1/lmtt/m/n/10 ` \T1/lmtt/m/n/10 argument.[] 
 []

<grapes_files/figure-latex/unnamed-chunk-25-1.pdf, id=200, 469.755pt x 325.215p
t>
File: grapes_files/figure-latex/unnamed-chunk-25-1.pdf Graphic file (type pdf)
<use grapes_files/figure-latex/unnamed-chunk-25-1.pdf>
Package pdftex.def Info: grapes_files/figure-latex/unnamed-chunk-25-1.pdf  used
 on input line 938.
(pdftex.def)             Requested size: 444.7523pt x 307.90543pt.
<grapes_files/figure-latex/unnamed-chunk-25-2.pdf, id=201, 469.755pt x 325.215p
t>
File: grapes_files/figure-latex/unnamed-chunk-25-2.pdf Graphic file (type pdf)
<use grapes_files/figure-latex/unnamed-chunk-25-2.pdf>
Package pdftex.def Info: grapes_files/figure-latex/unnamed-chunk-25-2.pdf  used
 on input line 939.
(pdftex.def)             Requested size: 444.7523pt x 307.90543pt.
<grapes_files/figure-latex/unnamed-chunk-25-3.pdf, id=202, 469.755pt x 325.215p
t>
File: grapes_files/figure-latex/unnamed-chunk-25-3.pdf Graphic file (type pdf)
<use grapes_files/figure-latex/unnamed-chunk-25-3.pdf>
Package pdftex.def Info: grapes_files/figure-latex/unnamed-chunk-25-3.pdf  used
 on input line 940.
(pdftex.def)             Requested size: 444.7523pt x 307.90543pt.

Overfull \hbox (263.21199pt too wide) in paragraph at lines 937--941
[]\T1/lmr/m/n/10 (-20) Visualization (side by side box-plots for each re-sponse
 vari-able) []
 []


Underfull \hbox (badness 10000) in paragraph at lines 937--941
[]
 []

[15 <./grapes_files/figure-latex/unnamed-chunk-23-4.pdf>] [16 <./grapes_files/f
igure-latex/unnamed-chunk-25-1.pdf> <./grapes_files/figure-latex/unnamed-chunk-
25-2.pdf>]
Overfull \hbox (601.24187pt too wide) in paragraph at lines 991--991
[]\T1/lmtt/m/n/10 ## data:  chardonnay2019$X..of.clusters[chardonnay2019$block 
== i & chardonnay2019$treatment == "heat"] and chardonnay2019$X..of.clusters[ch
ardonnay2019$block == i & chardonnay2019$treatment == "control"][] 
 []


Overfull \hbox (601.24187pt too wide) in paragraph at lines 991--991
[]\T1/lmtt/m/n/10 ## data:  chardonnay2019$X..of.clusters[chardonnay2019$block 
== i & chardonnay2019$treatment == "heat"] and chardonnay2019$X..of.clusters[ch
ardonnay2019$block == i & chardonnay2019$treatment == "control"][] 
 []


Overfull \hbox (601.24187pt too wide) in paragraph at lines 991--991
[]\T1/lmtt/m/n/10 ## data:  chardonnay2019$X..of.clusters[chardonnay2019$block 
== i & chardonnay2019$treatment == "heat"] and chardonnay2019$X..of.clusters[ch
ardonnay2019$block == i & chardonnay2019$treatment == "control"][] 
 []

[17 <./grapes_files/figure-latex/unnamed-chunk-25-3.pdf>]
Overfull \hbox (601.24187pt too wide) in paragraph at lines 991--991
[]\T1/lmtt/m/n/10 ## data:  chardonnay2019$X..of.clusters[chardonnay2019$block 
== i & chardonnay2019$treatment == "heat"] and chardonnay2019$X..of.clusters[ch
ardonnay2019$block == i & chardonnay2019$treatment == "control"][] 
 []


Overfull \hbox (601.24187pt too wide) in paragraph at lines 991--991
[]\T1/lmtt/m/n/10 ## data:  chardonnay2019$X..of.clusters[chardonnay2019$block 
== i & chardonnay2019$treatment == "heat"] and chardonnay2019$X..of.clusters[ch
ardonnay2019$block == i & chardonnay2019$treatment == "control"][] 
 []

<grapes_files/figure-latex/unnamed-chunk-27-1.pdf, id=239, 469.755pt x 325.215p
t>
File: grapes_files/figure-latex/unnamed-chunk-27-1.pdf Graphic file (type pdf)
<use grapes_files/figure-latex/unnamed-chunk-27-1.pdf>
Package pdftex.def Info: grapes_files/figure-latex/unnamed-chunk-27-1.pdf  used
 on input line 996.
(pdftex.def)             Requested size: 469.75386pt x 325.2142pt.
<grapes_files/figure-latex/unnamed-chunk-27-2.pdf, id=240, 469.755pt x 325.215p
t>
File: grapes_files/figure-latex/unnamed-chunk-27-2.pdf Graphic file (type pdf)
<use grapes_files/figure-latex/unnamed-chunk-27-2.pdf>
Package pdftex.def Info: grapes_files/figure-latex/unnamed-chunk-27-2.pdf  used
 on input line 997.
(pdftex.def)             Requested size: 469.75386pt x 325.2142pt.
<grapes_files/figure-latex/unnamed-chunk-27-3.pdf, id=241, 469.755pt x 325.215p
t>
File: grapes_files/figure-latex/unnamed-chunk-27-3.pdf Graphic file (type pdf)
<use grapes_files/figure-latex/unnamed-chunk-27-3.pdf>
Package pdftex.def Info: grapes_files/figure-latex/unnamed-chunk-27-3.pdf  used
 on input line 998.
(pdftex.def)             Requested size: 469.75386pt x 325.2142pt.
<grapes_files/figure-latex/unnamed-chunk-27-4.pdf, id=242, 469.755pt x 325.215p
t>
File: grapes_files/figure-latex/unnamed-chunk-27-4.pdf Graphic file (type pdf)
<use grapes_files/figure-latex/unnamed-chunk-27-4.pdf>
Package pdftex.def Info: grapes_files/figure-latex/unnamed-chunk-27-4.pdf  used
 on input line 999.
(pdftex.def)             Requested size: 469.75386pt x 325.2142pt.
<grapes_files/figure-latex/unnamed-chunk-27-5.pdf, id=243, 469.755pt x 325.215p
t>
File: grapes_files/figure-latex/unnamed-chunk-27-5.pdf Graphic file (type pdf)
<use grapes_files/figure-latex/unnamed-chunk-27-5.pdf>
Package pdftex.def Info: grapes_files/figure-latex/unnamed-chunk-27-5.pdf  used
 on input line 1000.
(pdftex.def)             Requested size: 469.75386pt x 325.2142pt.
<grapes_files/figure-latex/unnamed-chunk-27-6.pdf, id=244, 469.755pt x 325.215p
t>
File: grapes_files/figure-latex/unnamed-chunk-27-6.pdf Graphic file (type pdf)
<use grapes_files/figure-latex/unnamed-chunk-27-6.pdf>
Package pdftex.def Info: grapes_files/figure-latex/unnamed-chunk-27-6.pdf  used
 on input line 1001.
(pdftex.def)             Requested size: 469.75386pt x 325.2142pt.
<grapes_files/figure-latex/unnamed-chunk-27-7.pdf, id=245, 469.755pt x 325.215p
t>
File: grapes_files/figure-latex/unnamed-chunk-27-7.pdf Graphic file (type pdf)
<use grapes_files/figure-latex/unnamed-chunk-27-7.pdf>
Package pdftex.def Info: grapes_files/figure-latex/unnamed-chunk-27-7.pdf  used
 on input line 1002.
(pdftex.def)             Requested size: 469.75386pt x 325.2142pt.
<grapes_files/figure-latex/unnamed-chunk-27-8.pdf, id=246, 469.755pt x 325.215p
t>
File: grapes_files/figure-latex/unnamed-chunk-27-8.pdf Graphic file (type pdf)
<use grapes_files/figure-latex/unnamed-chunk-27-8.pdf>
Package pdftex.def Info: grapes_files/figure-latex/unnamed-chunk-27-8.pdf  used
 on input line 1003.
(pdftex.def)             Requested size: 469.75386pt x 325.2142pt.
<grapes_files/figure-latex/unnamed-chunk-27-9.pdf, id=247, 469.755pt x 325.215p
t>
File: grapes_files/figure-latex/unnamed-chunk-27-9.pdf Graphic file (type pdf)
<use grapes_files/figure-latex/unnamed-chunk-27-9.pdf>
Package pdftex.def Info: grapes_files/figure-latex/unnamed-chunk-27-9.pdf  used
 on input line 1004.
(pdftex.def)             Requested size: 469.75386pt x 325.2142pt.
<grapes_files/figure-latex/unnamed-chunk-27-10.pdf, id=248, 469.755pt x 325.215
pt>
File: grapes_files/figure-latex/unnamed-chunk-27-10.pdf Graphic file (type pdf)

<use grapes_files/figure-latex/unnamed-chunk-27-10.pdf>
Package pdftex.def Info: grapes_files/figure-latex/unnamed-chunk-27-10.pdf  use
d on input line 1005.
(pdftex.def)             Requested size: 469.75386pt x 325.2142pt.

Underfull \hbox (badness 10000) in paragraph at lines 996--1006
[][]
 []


Underfull \hbox (badness 10000) in paragraph at lines 996--1006
[]
 []


Underfull \hbox (badness 10000) in paragraph at lines 996--1006
[]
 []


Underfull \hbox (badness 10000) in paragraph at lines 996--1006
[]
 []


Underfull \hbox (badness 10000) in paragraph at lines 996--1006
[]
 []


Underfull \hbox (badness 10000) in paragraph at lines 996--1006
[]
 []


Underfull \hbox (badness 10000) in paragraph at lines 996--1006
[]
 []


Underfull \hbox (badness 10000) in paragraph at lines 996--1006
[]
 []


Underfull \hbox (badness 10000) in paragraph at lines 996--1006
[]
 []

[18 <./grapes_files/figure-latex/unnamed-chunk-27-1.pdf>] [19 <./grapes_files/f
igure-latex/unnamed-chunk-27-2.pdf>] [20 <./grapes_files/figure-latex/unnamed-c
hunk-27-3.pdf>] [21 <./grapes_files/figure-latex/unnamed-chunk-27-4.pdf>] [22 <
./grapes_files/figure-latex/unnamed-chunk-27-5.pdf>] [23 <./grapes_files/figure
-latex/unnamed-chunk-27-6.pdf>] [24 <./grapes_files/figure-latex/unnamed-chunk-
27-7.pdf>] [25 <./grapes_files/figure-latex/unnamed-chunk-27-8.pdf>] [26 <./gra
pes_files/figure-latex/unnamed-chunk-27-9.pdf>]
<grapes_files/figure-latex/unnamed-chunk-29-1.pdf, id=341, 469.755pt x 325.215p
t>
File: grapes_files/figure-latex/unnamed-chunk-29-1.pdf Graphic file (type pdf)
<use grapes_files/figure-latex/unnamed-chunk-29-1.pdf>
Package pdftex.def Info: grapes_files/figure-latex/unnamed-chunk-29-1.pdf  used
 on input line 1036.
(pdftex.def)             Requested size: 469.75386pt x 325.2142pt.
<grapes_files/figure-latex/unnamed-chunk-29-2.pdf, id=342, 469.755pt x 325.215p
t>
File: grapes_files/figure-latex/unnamed-chunk-29-2.pdf Graphic file (type pdf)
<use grapes_files/figure-latex/unnamed-chunk-29-2.pdf>
Package pdftex.def Info: grapes_files/figure-latex/unnamed-chunk-29-2.pdf  used
 on input line 1037.
(pdftex.def)             Requested size: 469.75386pt x 325.2142pt.
<grapes_files/figure-latex/unnamed-chunk-29-3.pdf, id=343, 469.755pt x 325.215p
t>
File: grapes_files/figure-latex/unnamed-chunk-29-3.pdf Graphic file (type pdf)
<use grapes_files/figure-latex/unnamed-chunk-29-3.pdf>
Package pdftex.def Info: grapes_files/figure-latex/unnamed-chunk-29-3.pdf  used
 on input line 1038.
(pdftex.def)             Requested size: 469.75386pt x 325.2142pt.
<grapes_files/figure-latex/unnamed-chunk-29-4.pdf, id=344, 469.755pt x 325.215p
t>
File: grapes_files/figure-latex/unnamed-chunk-29-4.pdf Graphic file (type pdf)
<use grapes_files/figure-latex/unnamed-chunk-29-4.pdf>
Package pdftex.def Info: grapes_files/figure-latex/unnamed-chunk-29-4.pdf  used
 on input line 1039.
(pdftex.def)             Requested size: 469.75386pt x 325.2142pt.
<grapes_files/figure-latex/unnamed-chunk-29-5.pdf, id=345, 469.755pt x 325.215p
t>
File: grapes_files/figure-latex/unnamed-chunk-29-5.pdf Graphic file (type pdf)
<use grapes_files/figure-latex/unnamed-chunk-29-5.pdf>
Package pdftex.def Info: grapes_files/figure-latex/unnamed-chunk-29-5.pdf  used
 on input line 1040.
(pdftex.def)             Requested size: 469.75386pt x 325.2142pt.
<grapes_files/figure-latex/unnamed-chunk-29-6.pdf, id=346, 469.755pt x 325.215p
t>
File: grapes_files/figure-latex/unnamed-chunk-29-6.pdf Graphic file (type pdf)
<use grapes_files/figure-latex/unnamed-chunk-29-6.pdf>
Package pdftex.def Info: grapes_files/figure-latex/unnamed-chunk-29-6.pdf  used
 on input line 1041.
(pdftex.def)             Requested size: 469.75386pt x 325.2142pt.
<grapes_files/figure-latex/unnamed-chunk-29-7.pdf, id=347, 469.755pt x 325.215p
t>
File: grapes_files/figure-latex/unnamed-chunk-29-7.pdf Graphic file (type pdf)
<use grapes_files/figure-latex/unnamed-chunk-29-7.pdf>
Package pdftex.def Info: grapes_files/figure-latex/unnamed-chunk-29-7.pdf  used
 on input line 1042.
(pdftex.def)             Requested size: 469.75386pt x 325.2142pt.
<grapes_files/figure-latex/unnamed-chunk-29-8.pdf, id=348, 469.755pt x 325.215p
t>
File: grapes_files/figure-latex/unnamed-chunk-29-8.pdf Graphic file (type pdf)
<use grapes_files/figure-latex/unnamed-chunk-29-8.pdf>
Package pdftex.def Info: grapes_files/figure-latex/unnamed-chunk-29-8.pdf  used
 on input line 1043.
(pdftex.def)             Requested size: 469.75386pt x 325.2142pt.
<grapes_files/figure-latex/unnamed-chunk-29-9.pdf, id=349, 469.755pt x 325.215p
t>
File: grapes_files/figure-latex/unnamed-chunk-29-9.pdf Graphic file (type pdf)
<use grapes_files/figure-latex/unnamed-chunk-29-9.pdf>
Package pdftex.def Info: grapes_files/figure-latex/unnamed-chunk-29-9.pdf  used
 on input line 1044.
(pdftex.def)             Requested size: 469.75386pt x 325.2142pt.
<grapes_files/figure-latex/unnamed-chunk-29-10.pdf, id=350, 469.755pt x 325.215
pt>
File: grapes_files/figure-latex/unnamed-chunk-29-10.pdf Graphic file (type pdf)

<use grapes_files/figure-latex/unnamed-chunk-29-10.pdf>
Package pdftex.def Info: grapes_files/figure-latex/unnamed-chunk-29-10.pdf  use
d on input line 1045.
(pdftex.def)             Requested size: 469.75386pt x 325.2142pt.
<grapes_files/figure-latex/unnamed-chunk-29-11.pdf, id=351, 469.755pt x 325.215
pt>
File: grapes_files/figure-latex/unnamed-chunk-29-11.pdf Graphic file (type pdf)

<use grapes_files/figure-latex/unnamed-chunk-29-11.pdf>
Package pdftex.def Info: grapes_files/figure-latex/unnamed-chunk-29-11.pdf  use
d on input line 1046.
(pdftex.def)             Requested size: 469.75386pt x 325.2142pt.
<grapes_files/figure-latex/unnamed-chunk-29-12.pdf, id=352, 469.755pt x 325.215
pt>
File: grapes_files/figure-latex/unnamed-chunk-29-12.pdf Graphic file (type pdf)

<use grapes_files/figure-latex/unnamed-chunk-29-12.pdf>
Package pdftex.def Info: grapes_files/figure-latex/unnamed-chunk-29-12.pdf  use
d on input line 1047.
(pdftex.def)             Requested size: 469.75386pt x 325.2142pt.

Underfull \hbox (badness 10000) in paragraph at lines 1036--1048
[][]
 []


Underfull \hbox (badness 10000) in paragraph at lines 1036--1048
[]
 []


Underfull \hbox (badness 10000) in paragraph at lines 1036--1048
[]
 []


Underfull \hbox (badness 10000) in paragraph at lines 1036--1048
[]
 []


Underfull \hbox (badness 10000) in paragraph at lines 1036--1048
[]
 []


Underfull \hbox (badness 10000) in paragraph at lines 1036--1048
[]
 []


Underfull \hbox (badness 10000) in paragraph at lines 1036--1048
[]
 []


Underfull \hbox (badness 10000) in paragraph at lines 1036--1048
[]
 []


Underfull \hbox (badness 10000) in paragraph at lines 1036--1048
[]
 []


Underfull \hbox (badness 10000) in paragraph at lines 1036--1048
[]
 []


Underfull \hbox (badness 10000) in paragraph at lines 1036--1048
[]
 []

[27 <./grapes_files/figure-latex/unnamed-chunk-27-10.pdf>] [28 <./grapes_files/
figure-latex/unnamed-chunk-29-1.pdf>] [29 <./grapes_files/figure-latex/unnamed-
chunk-29-2.pdf>] [30 <./grapes_files/figure-latex/unnamed-chunk-29-3.pdf>] [31 
<./grapes_files/figure-latex/unnamed-chunk-29-4.pdf>] [32 <./grapes_files/figur
e-latex/unnamed-chunk-29-5.pdf>] [33 <./grapes_files/figure-latex/unnamed-chunk
-29-6.pdf>] [34 <./grapes_files/figure-latex/unnamed-chunk-29-7.pdf>] [35 <./gr
apes_files/figure-latex/unnamed-chunk-29-8.pdf>] [36 <./grapes_files/figure-lat
ex/unnamed-chunk-29-9.pdf>] [37 <./grapes_files/figure-latex/unnamed-chunk-29-1
0.pdf>] [38 <./grapes_files/figure-latex/unnamed-chunk-29-11.pdf>] [39 <./grape
s_files/figure-latex/unnamed-chunk-29-12.pdf>]
<grapes_files/figure-latex/char.univ-1.pdf, id=485, 469.755pt x 325.215pt>
File: grapes_files/figure-latex/char.univ-1.pdf Graphic file (type pdf)
<use grapes_files/figure-latex/char.univ-1.pdf>
Package pdftex.def Info: grapes_files/figure-latex/char.univ-1.pdf  used on inp
ut line 1093.
(pdftex.def)             Requested size: 469.75386pt x 325.2142pt.
<grapes_files/figure-latex/mer2019.univ-1.pdf, id=486, 469.755pt x 325.215pt>
File: grapes_files/figure-latex/mer2019.univ-1.pdf Graphic file (type pdf)
<use grapes_files/figure-latex/mer2019.univ-1.pdf>
Package pdftex.def Info: grapes_files/figure-latex/mer2019.univ-1.pdf  used on 
input line 1099.
(pdftex.def)             Requested size: 469.75386pt x 325.2142pt.
[40 <./grapes_files/figure-latex/char.univ-1.pdf>]
<grapes_files/figure-latex/homoscedas.merlot-1.pdf, id=502, 469.755pt x 325.215
pt>
File: grapes_files/figure-latex/homoscedas.merlot-1.pdf Graphic file (type pdf)

<use grapes_files/figure-latex/homoscedas.merlot-1.pdf>
Package pdftex.def Info: grapes_files/figure-latex/homoscedas.merlot-1.pdf  use
d on input line 1128.
(pdftex.def)             Requested size: 469.75386pt x 325.2142pt.
[41 <./grapes_files/figure-latex/mer2019.univ-1.pdf>]
<grapes_files/figure-latex/unnamed-chunk-31-1.pdf, id=520, 469.755pt x 325.215p
t>
File: grapes_files/figure-latex/unnamed-chunk-31-1.pdf Graphic file (type pdf)
<use grapes_files/figure-latex/unnamed-chunk-31-1.pdf>
Package pdftex.def Info: grapes_files/figure-latex/unnamed-chunk-31-1.pdf  used
 on input line 1146.
(pdftex.def)             Requested size: 469.75386pt x 325.2142pt.
<grapes_files/figure-latex/homoscedas.chardonnay-1.pdf, id=521, 469.755pt x 325
.215pt>
File: grapes_files/figure-latex/homoscedas.chardonnay-1.pdf Graphic file (type 
pdf)
<use grapes_files/figure-latex/homoscedas.chardonnay-1.pdf>
Package pdftex.def Info: grapes_files/figure-latex/homoscedas.chardonnay-1.pdf 
 used on input line 1151.
(pdftex.def)             Requested size: 469.75386pt x 325.2142pt.
[42 <./grapes_files/figure-latex/homoscedas.merlot-1.pdf>] [43 <./grapes_files/
figure-latex/unnamed-chunk-31-1.pdf>]

LaTeX Warning: Reference `qq.char20' on page 44 undefined on input line 1161.

<grapes_files/figure-latex/qq.mer19-1.pdf, id=547, 469.755pt x 325.215pt>
File: grapes_files/figure-latex/qq.mer19-1.pdf Graphic file (type pdf)
<use grapes_files/figure-latex/qq.mer19-1.pdf>
Package pdftex.def Info: grapes_files/figure-latex/qq.mer19-1.pdf  used on inpu
t line 1169.
(pdftex.def)             Requested size: 469.75386pt x 325.2142pt.
<grapes_files/figure-latex/qq.mer20-1.pdf, id=548, 469.755pt x 325.215pt>
File: grapes_files/figure-latex/qq.mer20-1.pdf Graphic file (type pdf)
<use grapes_files/figure-latex/qq.mer20-1.pdf>
Package pdftex.def Info: grapes_files/figure-latex/qq.mer20-1.pdf  used on inpu
t line 1178.
(pdftex.def)             Requested size: 469.75386pt x 325.2142pt.
<grapes_files/figure-latex/qq.char19-1.pdf, id=549, 469.755pt x 325.215pt>
File: grapes_files/figure-latex/qq.char19-1.pdf Graphic file (type pdf)
<use grapes_files/figure-latex/qq.char19-1.pdf>
Package pdftex.def Info: grapes_files/figure-latex/qq.char19-1.pdf  used on inp
ut line 1188.
(pdftex.def)             Requested size: 469.75386pt x 325.2142pt.
<grapes_files/figure-latex/qq.char20-1.pdf, id=550, 469.755pt x 325.215pt>
File: grapes_files/figure-latex/qq.char20-1.pdf Graphic file (type pdf)
<use grapes_files/figure-latex/qq.char20-1.pdf>
Package pdftex.def Info: grapes_files/figure-latex/qq.char20-1.pdf  used on inp
ut line 1197.
(pdftex.def)             Requested size: 469.75386pt x 325.2142pt.
[44 <./grapes_files/figure-latex/homoscedas.chardonnay-1.pdf>] [45 <./grapes_fi
les/figure-latex/qq.mer19-1.pdf>] [46 <./grapes_files/figure-latex/qq.mer20-1.p
df>] [47 <./grapes_files/figure-latex/qq.char19-1.pdf>] [48 <./grapes_files/fig
ure-latex/qq.char20-1.pdf>] [49] [50] [51] [52] [53]
Package atveryend Info: Empty hook `BeforeClearDocument' on input line 1660.
[54]
Package atveryend Info: Empty hook `AfterLastShipout' on input line 1660.
(grapes.aux)
Package atveryend Info: Executing hook `AtVeryEndDocument' on input line 1660.
Package atveryend Info: Empty hook `AtEndAfterFileList' on input line 1660.

LaTeX Warning: There were undefined references.


LaTeX Warning: There were multiply-defined labels.

 ) 
Here is how much of TeX's memory you used:
 13699 strings out of 492946
 206730 string characters out of 3135521
 322143 words of memory out of 3000000
 17164 multiletter control sequences out of 15000+200000
 53403 words of font info for 92 fonts, out of 3000000 for 9000
 1141 hyphenation exceptions out of 8191
 35i,6n,38p,1036b,459s stack positions out of 5000i,500n,10000p,200000b,50000s
{C:/Program Files/MiKTeX 2.9/fonts/enc/dvips/lm/lm-ec.enc}{C:/Program Files/M
iKTeX 2.9/fonts/enc/dvips/lm/lm-ts1.enc}<C:/Program Files/MiKTeX 2.9/fonts/type
1/public/lm/lmbx10.pfb><C:/Program Files/MiKTeX 2.9/fonts/type1/public/lm/lmbx1
2.pfb><C:/Program Files/MiKTeX 2.9/fonts/type1/public/lm/lmr10.pfb><C:/Program 
Files/MiKTeX 2.9/fonts/type1/public/lm/lmr12.pfb><C:/Program Files/MiKTeX 2.9/f
onts/type1/public/lm/lmr17.pfb><C:/Program Files/MiKTeX 2.9/fonts/type1/public/
lm/lmtt10.pfb>
Output written on grapes.pdf (54 pages, 535043 bytes).
PDF statistics:
 845 PDF objects out of 1000 (max. 8388607)
 158 named destinations out of 1000 (max. 500000)
 10801 words of extra memory for PDF output out of 12000 (max. 10000000)

